<?xml version="1.0" encoding="UTF-8"?>
<testng-results skipped="0" failed="0" ignored="0" total="2" passed="2">
  <reporter-output>
  </reporter-output>
  <suite name="Default suite" duration-ms="63" started-at="2019-08-09T10:42:31Z" finished-at="2019-08-09T10:42:31Z">
    <groups>
    </groups>
    <test name="Default test" duration-ms="63" started-at="2019-08-09T10:42:31Z" finished-at="2019-08-09T10:42:31Z">
      <class name="seleniumday1.Testngcase$Testng1">
        <test-method status="PASS" signature="openApp()[pri:0, instance:seleniumday1.Testngcase$Testng1@5c7fa833]" name="openApp" is-config="true" duration-ms="7" started-at="2019-08-09T10:42:31Z" finished-at="2019-08-09T10:42:31Z">
          <reporter-output>
          </reporter-output>
        </test-method> <!-- openApp -->
        <test-method status="PASS" signature="Register()[pri:2, instance:seleniumday1.Testngcase$Testng1@5c7fa833]" name="Register" duration-ms="7" started-at="2019-08-09T10:42:31Z" finished-at="2019-08-09T10:42:31Z">
          <reporter-output>
          </reporter-output>
        </test-method> <!-- Register -->
        <test-method status="PASS" signature="openApp()[pri:0, instance:seleniumday1.Testngcase$Testng1@5c7fa833]" name="openApp" is-config="true" duration-ms="1" started-at="2019-08-09T10:42:31Z" finished-at="2019-08-09T10:42:31Z">
          <reporter-output>
          </reporter-output>
        </test-method> <!-- openApp -->
        <test-method status="PASS" signature="Signout()[pri:3, instance:seleniumday1.Testngcase$Testng1@5c7fa833]" name="Signout" duration-ms="2" started-at="2019-08-09T10:42:31Z" finished-at="2019-08-09T10:42:31Z">
          <reporter-output>
          </reporter-output>
        </test-method> <!-- Signout -->
      </class> <!-- seleniumday1.Testngcase$Testng1 -->
    </test> <!-- Default test -->
  </suite> <!-- Default suite -->
</testng-results>
