<?xml version="1.0" encoding="UTF-8"?>
<!-- Generated by org.testng.reporters.JUnitXMLReporter -->
<testsuite hostname="HDC2-D-CBWMXJ2" ignored="1" name="Default test" tests="3" failures="0" timestamp="14 Aug 2019 12:18:41 GMT" time="51.678" errors="0">
  <testcase name="testLogin" time="41.357" classname="TestmeApp.Casestudy.OnlineShopping"/>
  <testcase name="testCart" time="4.23" classname="TestmeApp.Casestudy.OnlineShopping"/>
  <testcase name="testPayment" time="6.036" classname="TestmeApp.Casestudy.OnlineShopping"/>
  <testcase name="testRegistration" time="0.0" classname="TestmeApp.Casestudy.OnlineShopping">
    <ignored/>
  </testcase> <!-- testRegistration -->
</testsuite> <!-- Default test -->
