<?xml version="1.0" encoding="UTF-8"?>
<testng-results skipped="0" failed="0" ignored="1" total="4" passed="3">
  <reporter-output>
  </reporter-output>
  <suite name="Default suite" duration-ms="51678" started-at="2019-08-14T12:17:49Z" finished-at="2019-08-14T12:18:41Z">
    <groups>
    </groups>
    <test name="Default test" duration-ms="51678" started-at="2019-08-14T12:17:49Z" finished-at="2019-08-14T12:18:41Z">
      <class name="TestmeApp.Casestudy.OnlineShopping">
        <test-method status="PASS" signature="startReportBeforeTest()[pri:0, instance:TestmeApp.Casestudy.OnlineShopping@523884b2]" name="startReportBeforeTest" is-config="true" duration-ms="19" started-at="2019-08-14T12:17:49Z" finished-at="2019-08-14T12:17:49Z">
          <reporter-output>
          </reporter-output>
        </test-method> <!-- startReportBeforeTest -->
        <test-method status="PASS" signature="testLogin()[pri:2, instance:TestmeApp.Casestudy.OnlineShopping@523884b2]" name="testLogin" duration-ms="41357" started-at="2019-08-14T12:17:49Z" finished-at="2019-08-14T12:18:31Z">
          <reporter-output>
          </reporter-output>
        </test-method> <!-- testLogin -->
        <test-method status="PASS" signature="getResultAfterMethod()[pri:0, instance:TestmeApp.Casestudy.OnlineShopping@523884b2]" name="getResultAfterMethod" is-config="true" duration-ms="0" started-at="2019-08-14T12:18:31Z" finished-at="2019-08-14T12:18:31Z">
          <reporter-output>
          </reporter-output>
        </test-method> <!-- getResultAfterMethod -->
        <test-method status="PASS" signature="testCart()[pri:3, instance:TestmeApp.Casestudy.OnlineShopping@523884b2]" name="testCart" duration-ms="4230" started-at="2019-08-14T12:18:31Z" finished-at="2019-08-14T12:18:35Z">
          <reporter-output>
          </reporter-output>
        </test-method> <!-- testCart -->
        <test-method status="PASS" signature="getResultAfterMethod()[pri:0, instance:TestmeApp.Casestudy.OnlineShopping@523884b2]" name="getResultAfterMethod" is-config="true" duration-ms="0" started-at="2019-08-14T12:18:35Z" finished-at="2019-08-14T12:18:35Z">
          <reporter-output>
          </reporter-output>
        </test-method> <!-- getResultAfterMethod -->
        <test-method status="PASS" signature="testPayment()[pri:4, instance:TestmeApp.Casestudy.OnlineShopping@523884b2]" name="testPayment" duration-ms="6036" started-at="2019-08-14T12:18:35Z" finished-at="2019-08-14T12:18:41Z">
          <reporter-output>
          </reporter-output>
        </test-method> <!-- testPayment -->
        <test-method status="PASS" signature="getResultAfterMethod()[pri:0, instance:TestmeApp.Casestudy.OnlineShopping@523884b2]" name="getResultAfterMethod" is-config="true" duration-ms="0" started-at="2019-08-14T12:18:41Z" finished-at="2019-08-14T12:18:41Z">
          <reporter-output>
          </reporter-output>
        </test-method> <!-- getResultAfterMethod -->
        <test-method status="PASS" signature="endReportAfterTest()[pri:0, instance:TestmeApp.Casestudy.OnlineShopping@523884b2]" name="endReportAfterTest" is-config="true" duration-ms="0" started-at="2019-08-14T12:18:41Z" finished-at="2019-08-14T12:18:41Z">
          <reporter-output>
          </reporter-output>
        </test-method> <!-- endReportAfterTest -->
      </class> <!-- TestmeApp.Casestudy.OnlineShopping -->
    </test> <!-- Default test -->
  </suite> <!-- Default suite -->
</testng-results>
